================================================================================
三國萌萌打虛寶序號自動填寫工具 - Debug Log
================================================================================
生成時間: 2026-06-04T18:17:09.618Z
總日誌數: 118
================================================================================

[2026-06-04T18:16:58.440Z] [UI-INFO] 🚀 開始執行
[2026-06-04T18:16:58.442Z] [UI-INFO] 模式：共用 | 伺服器：天下爭霸
[2026-06-04T18:16:58.442Z] ========== 開始新的執行 ==========
[2026-06-04T18:16:58.442Z] 模式：共用
[2026-06-04T18:16:58.442Z] 主公數量：5
[2026-06-04T18:16:58.442Z] 序號數量：1
[2026-06-04T18:16:58.443Z] 當前頁面：https://coupon.kingdom-story.com/lang/zh-TW
[2026-06-04T18:16:58.443Z] 正在檢查頁面結構...
[2026-06-04T18:16:58.445Z] 頁面結構檢查完成 {"url":"https://coupon.kingdom-story.com/lang/zh-TW","timestamp":"2026-06-04T18:16:58.444Z","elements":{"serverInput":{"found":true,"selector":"input[name=\"server\"]","className":"js-selected-server"},"serverInput2":{"found":true,"selector":".js-selected-server"},"monarchInput":{"found":true,"selector":"input[name=\"monarch\"]","className":"serialForm__input js-input-form","placeholder":"輸入主公名稱"},"serialInput":{"found":true,"selector":"input[name=\"serialcode\"]","className":"serialForm__input js-input-form","placeholder":"輸入虛寶序號"},"submitButton":{"jsSubmitBtn":true,"serialFormSubmit":true,"buttonTypeButton":true,"text":"使用虛寶序號"},"form":{"found":true,"className":"serialForm js-serial-form"}}}
[2026-06-04T18:16:58.446Z] [UI-INFO] ======== 序號：sunny266 ========
[2026-06-04T18:16:58.446Z] ======== 開始使用序號：sunny266 ========
[2026-06-04T18:16:58.446Z] [1/5] 開始處理 - 主公：切斯特 | 序號：sunny266
[2026-06-04T18:16:59.109Z]   步驟 1: 分析頁面
[2026-06-04T18:16:59.109Z]   頁面 URL: https://coupon.kingdom-story.com/lang/zh-TW
[2026-06-04T18:16:59.109Z]   步驟 2: 查找伺服器選擇元素
[2026-06-04T18:16:59.110Z]   ✓ 找到伺服器輸入框: js-selected-server
[2026-06-04T18:16:59.110Z]   ✓ 找到伺服器列表
[2026-06-04T18:16:59.110Z]   步驟 3: 設置伺服器值為 10
[2026-06-04T18:16:59.110Z]   ✓ 找到伺服器選項: 天下爭霸
[2026-06-04T18:16:59.110Z]   ✓ 更新伺服器顯示文字
[2026-06-04T18:16:59.110Z]   步驟 4: 填入主公名稱
[2026-06-04T18:16:59.110Z]   ✓ 找到主公名稱輸入框: serialForm__input js-input-form
[2026-06-04T18:16:59.110Z]   ✓ 已填入主公名稱: 切斯特
[2026-06-04T18:16:59.110Z]   步驟 5: 填入虛寶序號
[2026-06-04T18:16:59.111Z]   ✓ 找到虛寶序號輸入框: serialForm__input js-input-form
[2026-06-04T18:16:59.111Z]   ✓ 已填入虛寶序號: sunny266
[2026-06-04T18:16:59.111Z]   步驟 6: 設置回應監聽器
[2026-06-04T18:16:59.111Z]   步驟 7: 點擊提交按鈕
[2026-06-04T18:16:59.111Z]   ✓ 找到提交按鈕: 使用虛寶序號
[2026-06-04T18:16:59.111Z]   ⚠ 按鈕被禁用，嘗試啟用
[2026-06-04T18:16:59.111Z]   ✓ 已點擊提交按鈕
[2026-06-04T18:16:59.111Z]   步驟 8: 等待網站回應...
[2026-06-04T18:16:59.111Z]   ✓ 收到網站回應: {"code":-1,"message":"已使用過的虛寶序號。","source":"modal"}
[2026-06-04T18:16:59.111Z]   ❌ 網站錯誤彈窗: 已使用過的虛寶序號。
[2026-06-04T18:16:59.112Z]   ❌ 最終結果: 錯誤彈窗 - 已使用過的虛寶序號。
[2026-06-04T18:16:59.116Z] [UI-ERROR] ❌ 切斯特 使用 sunny266 失敗: 網站錯誤: 已使用過的虛寶序號。
[2026-06-04T18:16:59.116Z] [1/5] 失敗 - 網站錯誤: 已使用過的虛寶序號。 {}
[2026-06-04T18:17:01.117Z] [2/5] 開始處理 - 主公：雪兒寶貝 | 序號：sunny266
[2026-06-04T18:17:01.760Z]   步驟 1: 分析頁面
[2026-06-04T18:17:01.760Z]   頁面 URL: https://coupon.kingdom-story.com/lang/zh-TW
[2026-06-04T18:17:01.760Z]   步驟 2: 查找伺服器選擇元素
[2026-06-04T18:17:01.760Z]   ✓ 找到伺服器輸入框: js-selected-server
[2026-06-04T18:17:01.760Z]   ✓ 找到伺服器列表
[2026-06-04T18:17:01.760Z]   步驟 3: 設置伺服器值為 10
[2026-06-04T18:17:01.760Z]   ✓ 找到伺服器選項: 天下爭霸
[2026-06-04T18:17:01.760Z]   ✓ 更新伺服器顯示文字
[2026-06-04T18:17:01.760Z]   步驟 4: 填入主公名稱
[2026-06-04T18:17:01.760Z]   ✓ 找到主公名稱輸入框: serialForm__input js-input-form
[2026-06-04T18:17:01.760Z]   ✓ 已填入主公名稱: 雪兒寶貝
[2026-06-04T18:17:01.760Z]   步驟 5: 填入虛寶序號
[2026-06-04T18:17:01.760Z]   ✓ 找到虛寶序號輸入框: serialForm__input js-input-form error
[2026-06-04T18:17:01.760Z]   ✓ 已填入虛寶序號: sunny266
[2026-06-04T18:17:01.760Z]   步驟 6: 設置回應監聽器
[2026-06-04T18:17:01.760Z]   步驟 7: 點擊提交按鈕
[2026-06-04T18:17:01.760Z]   ✓ 找到提交按鈕: 使用虛寶序號
[2026-06-04T18:17:01.760Z]   ✓ 已點擊提交按鈕
[2026-06-04T18:17:01.760Z]   步驟 8: 等待網站回應...
[2026-06-04T18:17:01.760Z]   ✓ 收到網站回應: {"code":-1,"message":"已使用過的虛寶序號。","source":"modal"}
[2026-06-04T18:17:01.760Z]   ❌ 網站錯誤彈窗: 已使用過的虛寶序號。
[2026-06-04T18:17:01.760Z]   ❌ 最終結果: 錯誤彈窗 - 已使用過的虛寶序號。
[2026-06-04T18:17:01.761Z] [UI-ERROR] ❌ 雪兒寶貝 使用 sunny266 失敗: 網站錯誤: 已使用過的虛寶序號。
[2026-06-04T18:17:01.761Z] [2/5] 失敗 - 網站錯誤: 已使用過的虛寶序號。 {}
[2026-06-04T18:17:03.776Z] [3/5] 開始處理 - 主公：子瑜我老婆 | 序號：sunny266
[2026-06-04T18:17:04.415Z]   步驟 1: 分析頁面
[2026-06-04T18:17:04.415Z]   頁面 URL: https://coupon.kingdom-story.com/lang/zh-TW
[2026-06-04T18:17:04.415Z]   步驟 2: 查找伺服器選擇元素
[2026-06-04T18:17:04.415Z]   ✓ 找到伺服器輸入框: js-selected-server
[2026-06-04T18:17:04.415Z]   ✓ 找到伺服器列表
[2026-06-04T18:17:04.415Z]   步驟 3: 設置伺服器值為 10
[2026-06-04T18:17:04.416Z]   ✓ 找到伺服器選項: 天下爭霸
[2026-06-04T18:17:04.416Z]   ✓ 更新伺服器顯示文字
[2026-06-04T18:17:04.416Z]   步驟 4: 填入主公名稱
[2026-06-04T18:17:04.416Z]   ✓ 找到主公名稱輸入框: serialForm__input js-input-form
[2026-06-04T18:17:04.416Z]   ✓ 已填入主公名稱: 子瑜我老婆
[2026-06-04T18:17:04.416Z]   步驟 5: 填入虛寶序號
[2026-06-04T18:17:04.416Z]   ✓ 找到虛寶序號輸入框: serialForm__input js-input-form error
[2026-06-04T18:17:04.416Z]   ✓ 已填入虛寶序號: sunny266
[2026-06-04T18:17:04.416Z]   步驟 6: 設置回應監聽器
[2026-06-04T18:17:04.417Z]   步驟 7: 點擊提交按鈕
[2026-06-04T18:17:04.417Z]   ✓ 找到提交按鈕: 使用虛寶序號
[2026-06-04T18:17:04.417Z]   ✓ 已點擊提交按鈕
[2026-06-04T18:17:04.417Z]   步驟 8: 等待網站回應...
[2026-06-04T18:17:04.417Z]   ✓ 收到網站回應: {"code":-1,"message":"已使用過的虛寶序號。","source":"modal"}
[2026-06-04T18:17:04.417Z]   ❌ 網站錯誤彈窗: 已使用過的虛寶序號。
[2026-06-04T18:17:04.417Z]   ❌ 最終結果: 錯誤彈窗 - 已使用過的虛寶序號。
[2026-06-04T18:17:04.422Z] [UI-ERROR] ❌ 子瑜我老婆 使用 sunny266 失敗: 網站錯誤: 已使用過的虛寶序號。
[2026-06-04T18:17:04.423Z] [3/5] 失敗 - 網站錯誤: 已使用過的虛寶序號。 {}
[2026-06-04T18:17:06.430Z] [4/5] 開始處理 - 主公：三山來馳 | 序號：sunny266
[2026-06-04T18:17:07.069Z]   步驟 1: 分析頁面
[2026-06-04T18:17:07.069Z]   頁面 URL: https://coupon.kingdom-story.com/lang/zh-TW
[2026-06-04T18:17:07.069Z]   步驟 2: 查找伺服器選擇元素
[2026-06-04T18:17:07.069Z]   ✓ 找到伺服器輸入框: js-selected-server
[2026-06-04T18:17:07.069Z]   ✓ 找到伺服器列表
[2026-06-04T18:17:07.069Z]   步驟 3: 設置伺服器值為 10
[2026-06-04T18:17:07.069Z]   ✓ 找到伺服器選項: 天下爭霸
[2026-06-04T18:17:07.070Z]   ✓ 更新伺服器顯示文字
[2026-06-04T18:17:07.070Z]   步驟 4: 填入主公名稱
[2026-06-04T18:17:07.070Z]   ✓ 找到主公名稱輸入框: serialForm__input js-input-form
[2026-06-04T18:17:07.070Z]   ✓ 已填入主公名稱: 三山來馳
[2026-06-04T18:17:07.070Z]   步驟 5: 填入虛寶序號
[2026-06-04T18:17:07.070Z]   ✓ 找到虛寶序號輸入框: serialForm__input js-input-form error
[2026-06-04T18:17:07.070Z]   ✓ 已填入虛寶序號: sunny266
[2026-06-04T18:17:07.070Z]   步驟 6: 設置回應監聽器
[2026-06-04T18:17:07.070Z]   步驟 7: 點擊提交按鈕
[2026-06-04T18:17:07.070Z]   ✓ 找到提交按鈕: 使用虛寶序號
[2026-06-04T18:17:07.070Z]   ✓ 已點擊提交按鈕
[2026-06-04T18:17:07.070Z]   步驟 8: 等待網站回應...
[2026-06-04T18:17:07.070Z]   ✓ 收到網站回應: {"code":-1,"message":"已使用過的虛寶序號。","source":"modal"}
[2026-06-04T18:17:07.070Z]   ❌ 網站錯誤彈窗: 已使用過的虛寶序號。
[2026-06-04T18:17:07.070Z]   ❌ 最終結果: 錯誤彈窗 - 已使用過的虛寶序號。
[2026-06-04T18:17:07.070Z] [UI-ERROR] ❌ 三山來馳 使用 sunny266 失敗: 網站錯誤: 已使用過的虛寶序號。
[2026-06-04T18:17:07.071Z] [4/5] 失敗 - 網站錯誤: 已使用過的虛寶序號。 {}
[2026-06-04T18:17:09.073Z] [5/5] 開始處理 - 主公：姑蘇臺上宴吳王 | 序號：sunny266
[2026-06-04T18:17:09.615Z] Chrome 錯誤: A listener indicated an asynchronous response by returning true, but the message channel closed before a response was received
[2026-06-04T18:17:09.617Z] [UI-ERROR] ❌ 姑蘇臺上宴吳王 使用 sunny266 失敗: 無法與頁面通訊
[2026-06-04T18:17:09.617Z] [5/5] 失敗 - 無法與頁面通訊 {}
[2026-06-04T18:17:09.617Z] [UI-INFO] ========================================
[2026-06-04T18:17:09.618Z] [UI-WARNING] 執行完成！成功：0，失敗：5

================================================================================
End of Log
================================================================================