================================================================================
三國萌萌打虛寶序號自動填寫工具 - Debug Log
================================================================================
生成時間: 2026-06-04T18:21:06.904Z
總日誌數: 169
================================================================================

[2026-06-04T18:20:50.394Z] [UI-INFO] 🚀 開始執行
[2026-06-04T18:20:50.395Z] [UI-INFO] 模式：共用 | 伺服器：天下爭霸
[2026-06-04T18:20:50.396Z] ========== 開始新的執行 ==========
[2026-06-04T18:20:50.396Z] 模式：共用
[2026-06-04T18:20:50.396Z] 主公數量：7
[2026-06-04T18:20:50.396Z] 序號數量：1
[2026-06-04T18:20:50.397Z] 當前頁面：https://coupon.kingdom-story.com/lang/zh-TW
[2026-06-04T18:20:50.397Z] 正在檢查頁面結構...
[2026-06-04T18:20:50.398Z] 頁面結構檢查完成 {"url":"https://coupon.kingdom-story.com/lang/zh-TW","timestamp":"2026-06-04T18:20:50.397Z","elements":{"serverInput":{"found":true,"selector":"input[name=\"server\"]","className":"js-selected-server"},"serverInput2":{"found":true,"selector":".js-selected-server"},"monarchInput":{"found":true,"selector":"input[name=\"monarch\"]","className":"serialForm__input js-input-form","placeholder":"輸入主公名稱"},"serialInput":{"found":true,"selector":"input[name=\"serialcode\"]","className":"serialForm__input js-input-form","placeholder":"輸入虛寶序號"},"submitButton":{"jsSubmitBtn":true,"serialFormSubmit":true,"buttonTypeButton":true,"text":"使用虛寶序號"},"form":{"found":true,"className":"serialForm js-serial-form"}}}
[2026-06-04T18:20:50.399Z] [UI-INFO] ======== 序號：sunny266 ========
[2026-06-04T18:20:50.400Z] ======== 開始使用序號：sunny266 ========
[2026-06-04T18:20:50.400Z] [1/7] 開始處理 - 主公：切斯特 | 序號：sunny266
[2026-06-04T18:20:51.072Z]   步驟 1: 分析頁面
[2026-06-04T18:20:51.072Z]   頁面 URL: https://coupon.kingdom-story.com/lang/zh-TW
[2026-06-04T18:20:51.072Z]   步驟 2: 查找伺服器選擇元素
[2026-06-04T18:20:51.072Z]   ✓ 找到伺服器輸入框: js-selected-server
[2026-06-04T18:20:51.072Z]   ✓ 找到伺服器列表
[2026-06-04T18:20:51.072Z]   步驟 3: 設置伺服器值為 10
[2026-06-04T18:20:51.072Z]   ✓ 找到伺服器選項: 天下爭霸
[2026-06-04T18:20:51.072Z]   ✓ 更新伺服器顯示文字
[2026-06-04T18:20:51.072Z]   步驟 4: 填入主公名稱
[2026-06-04T18:20:51.072Z]   ✓ 找到主公名稱輸入框: serialForm__input js-input-form
[2026-06-04T18:20:51.072Z]   ✓ 已填入主公名稱: 切斯特
[2026-06-04T18:20:51.072Z]   步驟 5: 填入虛寶序號
[2026-06-04T18:20:51.072Z]   ✓ 找到虛寶序號輸入框: serialForm__input js-input-form
[2026-06-04T18:20:51.072Z]   ✓ 已填入虛寶序號: sunny266
[2026-06-04T18:20:51.072Z]   步驟 6: 設置回應監聽器
[2026-06-04T18:20:51.072Z]   步驟 7: 點擊提交按鈕
[2026-06-04T18:20:51.072Z]   ✓ 找到提交按鈕: 使用虛寶序號
[2026-06-04T18:20:51.072Z]   ⚠ 按鈕被禁用，嘗試啟用
[2026-06-04T18:20:51.072Z]   ✓ 已點擊提交按鈕
[2026-06-04T18:20:51.072Z]   步驟 8: 等待網站回應...
[2026-06-04T18:20:51.072Z]   ✓ 收到網站回應: {"code":-1,"message":"已使用過的虛寶序號。","source":"modal"}
[2026-06-04T18:20:51.072Z]   ❌ 網站錯誤彈窗: 已使用過的虛寶序號。
[2026-06-04T18:20:51.072Z]   ❌ 最終結果: 錯誤彈窗 - 已使用過的虛寶序號。
[2026-06-04T18:20:51.075Z] [UI-ERROR] ❌ 切斯特 使用 sunny266 失敗: 網站錯誤: 已使用過的虛寶序號。
[2026-06-04T18:20:51.075Z] [1/7] 失敗 - 網站錯誤: 已使用過的虛寶序號。 {}
[2026-06-04T18:20:53.086Z] [2/7] 開始處理 - 主公：雪兒寶貝 | 序號：sunny266
[2026-06-04T18:20:53.741Z]   步驟 1: 分析頁面
[2026-06-04T18:20:53.741Z]   頁面 URL: https://coupon.kingdom-story.com/lang/zh-TW
[2026-06-04T18:20:53.741Z]   步驟 2: 查找伺服器選擇元素
[2026-06-04T18:20:53.741Z]   ✓ 找到伺服器輸入框: js-selected-server
[2026-06-04T18:20:53.741Z]   ✓ 找到伺服器列表
[2026-06-04T18:20:53.741Z]   步驟 3: 設置伺服器值為 10
[2026-06-04T18:20:53.742Z]   ✓ 找到伺服器選項: 天下爭霸
[2026-06-04T18:20:53.742Z]   ✓ 更新伺服器顯示文字
[2026-06-04T18:20:53.742Z]   步驟 4: 填入主公名稱
[2026-06-04T18:20:53.742Z]   ✓ 找到主公名稱輸入框: serialForm__input js-input-form
[2026-06-04T18:20:53.742Z]   ✓ 已填入主公名稱: 雪兒寶貝
[2026-06-04T18:20:53.742Z]   步驟 5: 填入虛寶序號
[2026-06-04T18:20:53.742Z]   ✓ 找到虛寶序號輸入框: serialForm__input js-input-form error
[2026-06-04T18:20:53.742Z]   ✓ 已填入虛寶序號: sunny266
[2026-06-04T18:20:53.742Z]   步驟 6: 設置回應監聽器
[2026-06-04T18:20:53.742Z]   步驟 7: 點擊提交按鈕
[2026-06-04T18:20:53.742Z]   ✓ 找到提交按鈕: 使用虛寶序號
[2026-06-04T18:20:53.742Z]   ✓ 已點擊提交按鈕
[2026-06-04T18:20:53.742Z]   步驟 8: 等待網站回應...
[2026-06-04T18:20:53.742Z]   ✓ 收到網站回應: {"code":-1,"message":"已使用過的虛寶序號。","source":"modal"}
[2026-06-04T18:20:53.742Z]   ❌ 網站錯誤彈窗: 已使用過的虛寶序號。
[2026-06-04T18:20:53.742Z]   ❌ 最終結果: 錯誤彈窗 - 已使用過的虛寶序號。
[2026-06-04T18:20:53.743Z] [UI-ERROR] ❌ 雪兒寶貝 使用 sunny266 失敗: 網站錯誤: 已使用過的虛寶序號。
[2026-06-04T18:20:53.743Z] [2/7] 失敗 - 網站錯誤: 已使用過的虛寶序號。 {}
[2026-06-04T18:20:55.751Z] [3/7] 開始處理 - 主公：子瑜我老婆 | 序號：sunny266
[2026-06-04T18:20:56.392Z]   步驟 1: 分析頁面
[2026-06-04T18:20:56.392Z]   頁面 URL: https://coupon.kingdom-story.com/lang/zh-TW
[2026-06-04T18:20:56.392Z]   步驟 2: 查找伺服器選擇元素
[2026-06-04T18:20:56.392Z]   ✓ 找到伺服器輸入框: js-selected-server
[2026-06-04T18:20:56.392Z]   ✓ 找到伺服器列表
[2026-06-04T18:20:56.392Z]   步驟 3: 設置伺服器值為 10
[2026-06-04T18:20:56.392Z]   ✓ 找到伺服器選項: 天下爭霸
[2026-06-04T18:20:56.392Z]   ✓ 更新伺服器顯示文字
[2026-06-04T18:20:56.392Z]   步驟 4: 填入主公名稱
[2026-06-04T18:20:56.392Z]   ✓ 找到主公名稱輸入框: serialForm__input js-input-form
[2026-06-04T18:20:56.392Z]   ✓ 已填入主公名稱: 子瑜我老婆
[2026-06-04T18:20:56.392Z]   步驟 5: 填入虛寶序號
[2026-06-04T18:20:56.392Z]   ✓ 找到虛寶序號輸入框: serialForm__input js-input-form error
[2026-06-04T18:20:56.392Z]   ✓ 已填入虛寶序號: sunny266
[2026-06-04T18:20:56.392Z]   步驟 6: 設置回應監聽器
[2026-06-04T18:20:56.392Z]   步驟 7: 點擊提交按鈕
[2026-06-04T18:20:56.392Z]   ✓ 找到提交按鈕: 使用虛寶序號
[2026-06-04T18:20:56.392Z]   ✓ 已點擊提交按鈕
[2026-06-04T18:20:56.392Z]   步驟 8: 等待網站回應...
[2026-06-04T18:20:56.392Z]   ✓ 收到網站回應: {"code":-1,"message":"已使用過的虛寶序號。","source":"modal"}
[2026-06-04T18:20:56.392Z]   ❌ 網站錯誤彈窗: 已使用過的虛寶序號。
[2026-06-04T18:20:56.392Z]   ❌ 最終結果: 錯誤彈窗 - 已使用過的虛寶序號。
[2026-06-04T18:20:56.393Z] [UI-ERROR] ❌ 子瑜我老婆 使用 sunny266 失敗: 網站錯誤: 已使用過的虛寶序號。
[2026-06-04T18:20:56.393Z] [3/7] 失敗 - 網站錯誤: 已使用過的虛寶序號。 {}
[2026-06-04T18:20:58.398Z] [4/7] 開始處理 - 主公：三山來馳 | 序號：sunny266
[2026-06-04T18:20:59.054Z]   步驟 1: 分析頁面
[2026-06-04T18:20:59.054Z]   頁面 URL: https://coupon.kingdom-story.com/lang/zh-TW
[2026-06-04T18:20:59.054Z]   步驟 2: 查找伺服器選擇元素
[2026-06-04T18:20:59.054Z]   ✓ 找到伺服器輸入框: js-selected-server
[2026-06-04T18:20:59.054Z]   ✓ 找到伺服器列表
[2026-06-04T18:20:59.054Z]   步驟 3: 設置伺服器值為 10
[2026-06-04T18:20:59.054Z]   ✓ 找到伺服器選項: 天下爭霸
[2026-06-04T18:20:59.054Z]   ✓ 更新伺服器顯示文字
[2026-06-04T18:20:59.054Z]   步驟 4: 填入主公名稱
[2026-06-04T18:20:59.054Z]   ✓ 找到主公名稱輸入框: serialForm__input js-input-form
[2026-06-04T18:20:59.054Z]   ✓ 已填入主公名稱: 三山來馳
[2026-06-04T18:20:59.054Z]   步驟 5: 填入虛寶序號
[2026-06-04T18:20:59.054Z]   ✓ 找到虛寶序號輸入框: serialForm__input js-input-form error
[2026-06-04T18:20:59.054Z]   ✓ 已填入虛寶序號: sunny266
[2026-06-04T18:20:59.054Z]   步驟 6: 設置回應監聽器
[2026-06-04T18:20:59.054Z]   步驟 7: 點擊提交按鈕
[2026-06-04T18:20:59.054Z]   ✓ 找到提交按鈕: 使用虛寶序號
[2026-06-04T18:20:59.054Z]   ✓ 已點擊提交按鈕
[2026-06-04T18:20:59.054Z]   步驟 8: 等待網站回應...
[2026-06-04T18:20:59.054Z]   ✓ 收到網站回應: {"code":-1,"message":"已使用過的虛寶序號。","source":"modal"}
[2026-06-04T18:20:59.054Z]   ❌ 網站錯誤彈窗: 已使用過的虛寶序號。
[2026-06-04T18:20:59.054Z]   ❌ 最終結果: 錯誤彈窗 - 已使用過的虛寶序號。
[2026-06-04T18:20:59.055Z] [UI-ERROR] ❌ 三山來馳 使用 sunny266 失敗: 網站錯誤: 已使用過的虛寶序號。
[2026-06-04T18:20:59.055Z] [4/7] 失敗 - 網站錯誤: 已使用過的虛寶序號。 {}
[2026-06-04T18:21:01.065Z] [5/7] 開始處理 - 主公：姑蘇臺上宴吳王 | 序號：sunny266
[2026-06-04T18:21:01.707Z]   步驟 1: 分析頁面
[2026-06-04T18:21:01.707Z]   頁面 URL: https://coupon.kingdom-story.com/lang/zh-TW
[2026-06-04T18:21:01.707Z]   步驟 2: 查找伺服器選擇元素
[2026-06-04T18:21:01.707Z]   ✓ 找到伺服器輸入框: js-selected-server
[2026-06-04T18:21:01.707Z]   ✓ 找到伺服器列表
[2026-06-04T18:21:01.707Z]   步驟 3: 設置伺服器值為 10
[2026-06-04T18:21:01.707Z]   ✓ 找到伺服器選項: 天下爭霸
[2026-06-04T18:21:01.707Z]   ✓ 更新伺服器顯示文字
[2026-06-04T18:21:01.707Z]   步驟 4: 填入主公名稱
[2026-06-04T18:21:01.707Z]   ✓ 找到主公名稱輸入框: serialForm__input js-input-form
[2026-06-04T18:21:01.707Z]   ✓ 已填入主公名稱: 姑蘇臺上宴吳王
[2026-06-04T18:21:01.707Z]   步驟 5: 填入虛寶序號
[2026-06-04T18:21:01.707Z]   ✓ 找到虛寶序號輸入框: serialForm__input js-input-form error
[2026-06-04T18:21:01.707Z]   ✓ 已填入虛寶序號: sunny266
[2026-06-04T18:21:01.707Z]   步驟 6: 設置回應監聽器
[2026-06-04T18:21:01.707Z]   步驟 7: 點擊提交按鈕
[2026-06-04T18:21:01.707Z]   ✓ 找到提交按鈕: 使用虛寶序號
[2026-06-04T18:21:01.707Z]   ✓ 已點擊提交按鈕
[2026-06-04T18:21:01.707Z]   步驟 8: 等待網站回應...
[2026-06-04T18:21:01.707Z]   ✓ 收到網站回應: {"code":-1,"message":"已使用過的虛寶序號。","source":"modal"}
[2026-06-04T18:21:01.707Z]   ❌ 網站錯誤彈窗: 已使用過的虛寶序號。
[2026-06-04T18:21:01.707Z]   ❌ 最終結果: 錯誤彈窗 - 已使用過的虛寶序號。
[2026-06-04T18:21:01.708Z] [UI-ERROR] ❌ 姑蘇臺上宴吳王 使用 sunny266 失敗: 網站錯誤: 已使用過的虛寶序號。
[2026-06-04T18:21:01.708Z] [5/7] 失敗 - 網站錯誤: 已使用過的虛寶序號。 {}
[2026-06-04T18:21:03.712Z] [6/7] 開始處理 - 主公：萌萌小雅 | 序號：sunny266
[2026-06-04T18:21:04.267Z] Chrome 錯誤: A listener indicated an asynchronous response by returning true, but the message channel closed before a response was received
[2026-06-04T18:21:04.269Z] [UI-ERROR] ❌ 萌萌小雅 使用 sunny266 失敗: 無法與頁面通訊
[2026-06-04T18:21:04.269Z] [6/7] 失敗 - 無法與頁面通訊 {}
[2026-06-04T18:21:06.272Z] [7/7] 開始處理 - 主公：子瑜我老婆 | 序號：sunny266
[2026-06-04T18:21:06.902Z]   步驟 1: 分析頁面
[2026-06-04T18:21:06.902Z]   頁面 URL: https://coupon.kingdom-story.com/lang/zh-TW
[2026-06-04T18:21:06.902Z]   步驟 2: 查找伺服器選擇元素
[2026-06-04T18:21:06.902Z]   ✓ 找到伺服器輸入框: js-selected-server
[2026-06-04T18:21:06.902Z]   ✓ 找到伺服器列表
[2026-06-04T18:21:06.902Z]   步驟 3: 設置伺服器值為 10
[2026-06-04T18:21:06.902Z]   ✓ 找到伺服器選項: 天下爭霸
[2026-06-04T18:21:06.902Z]   ✓ 更新伺服器顯示文字
[2026-06-04T18:21:06.902Z]   步驟 4: 填入主公名稱
[2026-06-04T18:21:06.902Z]   ✓ 找到主公名稱輸入框: serialForm__input js-input-form
[2026-06-04T18:21:06.902Z]   ✓ 已填入主公名稱: 子瑜我老婆
[2026-06-04T18:21:06.902Z]   步驟 5: 填入虛寶序號
[2026-06-04T18:21:06.902Z]   ✓ 找到虛寶序號輸入框: serialForm__input js-input-form
[2026-06-04T18:21:06.902Z]   ✓ 已填入虛寶序號: sunny266
[2026-06-04T18:21:06.902Z]   步驟 6: 設置回應監聽器
[2026-06-04T18:21:06.902Z]   步驟 7: 點擊提交按鈕
[2026-06-04T18:21:06.902Z]   ✓ 找到提交按鈕: 使用虛寶序號
[2026-06-04T18:21:06.902Z]   ⚠ 按鈕被禁用，嘗試啟用
[2026-06-04T18:21:06.902Z]   ✓ 已點擊提交按鈕
[2026-06-04T18:21:06.902Z]   步驟 8: 等待網站回應...
[2026-06-04T18:21:06.902Z]   ✓ 收到網站回應: {"code":-1,"message":"其他錯誤","source":"modal"}
[2026-06-04T18:21:06.902Z]   ❌ 網站錯誤彈窗: 其他錯誤
[2026-06-04T18:21:06.902Z]   ❌ 最終結果: 錯誤彈窗 - 其他錯誤
[2026-06-04T18:21:06.903Z] [UI-ERROR] ❌ 子瑜我老婆 使用 sunny266 失敗: 網站錯誤: 其他錯誤
[2026-06-04T18:21:06.903Z] [7/7] 失敗 - 網站錯誤: 其他錯誤 {}
[2026-06-04T18:21:06.903Z] [UI-INFO] ========================================
[2026-06-04T18:21:06.904Z] [UI-WARNING] 執行完成！成功：0，失敗：7

================================================================================
End of Log
================================================================================