================================================================================
三國萌萌打虛寶序號自動填寫工具 - Debug Log
================================================================================
生成時間: 2026-06-04T18:38:10.612Z
總日誌數: 169
================================================================================

[2026-06-04T18:37:50.010Z] [UI-INFO] 🚀 開始執行
[2026-06-04T18:37:50.012Z] [UI-INFO] 模式：共用 | 伺服器：天下爭霸
[2026-06-04T18:37:50.012Z] ========== 開始新的執行 ==========
[2026-06-04T18:37:50.012Z] 模式：共用
[2026-06-04T18:37:50.012Z] 主公數量：6
[2026-06-04T18:37:50.012Z] 序號數量：1
[2026-06-04T18:37:50.014Z] 當前頁面：https://coupon.kingdom-story.com/lang/zh-TW
[2026-06-04T18:37:50.014Z] 正在檢查頁面結構...
[2026-06-04T18:37:50.015Z] 頁面結構檢查完成 {"url":"https://coupon.kingdom-story.com/lang/zh-TW","timestamp":"2026-06-04T18:37:50.014Z","elements":{"serverInput":{"found":true,"selector":"input[name=\"server\"]","className":"js-selected-server"},"serverInput2":{"found":true,"selector":".js-selected-server"},"monarchInput":{"found":true,"selector":"input[name=\"monarch\"]","className":"serialForm__input js-input-form","placeholder":"輸入主公名稱"},"serialInput":{"found":true,"selector":"input[name=\"serialcode\"]","className":"serialForm__input js-input-form","placeholder":"輸入虛寶序號"},"submitButton":{"jsSubmitBtn":true,"serialFormSubmit":true,"buttonTypeButton":true,"text":"使用虛寶序號"},"form":{"found":true,"className":"serialForm js-serial-form"}}}
[2026-06-04T18:37:50.016Z] [UI-INFO] ======== 序號：sunny266 ========
[2026-06-04T18:37:50.016Z] ======== 開始使用序號：sunny266 ========
[2026-06-04T18:37:50.016Z] [1/6] 開始處理 - 主公：子瑜我老婆 | 序號：sunny266
[2026-06-04T18:37:50.694Z]   步驟 1: 分析頁面
[2026-06-04T18:37:50.694Z]   頁面 URL: https://coupon.kingdom-story.com/lang/zh-TW
[2026-06-04T18:37:50.694Z]   步驟 2: 查找伺服器選擇元素
[2026-06-04T18:37:50.694Z]   ✓ 找到伺服器輸入框: js-selected-server
[2026-06-04T18:37:50.694Z]   ✓ 找到伺服器列表
[2026-06-04T18:37:50.694Z]   步驟 3: 設置伺服器值為 10
[2026-06-04T18:37:50.694Z]   ✓ 找到伺服器選項: 天下爭霸
[2026-06-04T18:37:50.694Z]   ✓ 更新伺服器顯示文字
[2026-06-04T18:37:50.694Z]   步驟 4: 填入主公名稱
[2026-06-04T18:37:50.694Z]   ✓ 找到主公名稱輸入框: serialForm__input js-input-form
[2026-06-04T18:37:50.694Z]   ✓ 已填入主公名稱: 子瑜我老婆
[2026-06-04T18:37:50.694Z]   步驟 5: 填入虛寶序號
[2026-06-04T18:37:50.694Z]   ✓ 找到虛寶序號輸入框: serialForm__input js-input-form
[2026-06-04T18:37:50.694Z]   ✓ 已填入虛寶序號: sunny266
[2026-06-04T18:37:50.694Z]   步驟 6: 設置回應監聽器
[2026-06-04T18:37:50.694Z]   步驟 7: 點擊提交按鈕
[2026-06-04T18:37:50.695Z]   ✓ 找到提交按鈕: 使用虛寶序號
[2026-06-04T18:37:50.695Z]   ⚠ 按鈕被禁用，嘗試啟用
[2026-06-04T18:37:50.695Z]   ✓ 已點擊提交按鈕
[2026-06-04T18:37:50.695Z]   步驟 8: 等待網站回應...
[2026-06-04T18:37:50.695Z]   ✓ 收到網站回應: {"code":-1,"message":"已使用過的虛寶序號。","source":"modal"}
[2026-06-04T18:37:50.695Z]   ❌ 網站錯誤彈窗: 已使用過的虛寶序號。
[2026-06-04T18:37:50.695Z]   ❌ 最終結果: 錯誤彈窗 - 已使用過的虛寶序號。
[2026-06-04T18:37:50.698Z] [UI-ERROR] ❌ 子瑜我老婆 使用 sunny266 失敗: 網站錯誤: 已使用過的虛寶序號。
[2026-06-04T18:37:50.698Z] [1/6] 失敗 - 網站錯誤: 已使用過的虛寶序號。 {}
[2026-06-04T18:37:52.714Z] [2/6] 開始處理 - 主公：萌萌小雅 | 序號：sunny266
[2026-06-04T18:37:53.374Z]   步驟 1: 分析頁面
[2026-06-04T18:37:53.374Z]   頁面 URL: https://coupon.kingdom-story.com/lang/zh-TW
[2026-06-04T18:37:53.374Z]   步驟 2: 查找伺服器選擇元素
[2026-06-04T18:37:53.374Z]   ✓ 找到伺服器輸入框: js-selected-server
[2026-06-04T18:37:53.374Z]   ✓ 找到伺服器列表
[2026-06-04T18:37:53.374Z]   步驟 3: 設置伺服器值為 10
[2026-06-04T18:37:53.374Z]   ✓ 找到伺服器選項: 天下爭霸
[2026-06-04T18:37:53.374Z]   ✓ 更新伺服器顯示文字
[2026-06-04T18:37:53.374Z]   步驟 4: 填入主公名稱
[2026-06-04T18:37:53.374Z]   ✓ 找到主公名稱輸入框: serialForm__input js-input-form
[2026-06-04T18:37:53.374Z]   ✓ 已填入主公名稱: 萌萌小雅
[2026-06-04T18:37:53.374Z]   步驟 5: 填入虛寶序號
[2026-06-04T18:37:53.374Z]   ✓ 找到虛寶序號輸入框: serialForm__input js-input-form error
[2026-06-04T18:37:53.374Z]   ✓ 已填入虛寶序號: sunny266
[2026-06-04T18:37:53.374Z]   步驟 6: 設置回應監聽器
[2026-06-04T18:37:53.374Z]   步驟 7: 點擊提交按鈕
[2026-06-04T18:37:53.374Z]   ✓ 找到提交按鈕: 使用虛寶序號
[2026-06-04T18:37:53.374Z]   ✓ 已點擊提交按鈕
[2026-06-04T18:37:53.374Z]   步驟 8: 等待網站回應...
[2026-06-04T18:37:53.374Z]   ✓ 收到網站回應: {"code":-1,"message":"已使用過的虛寶序號。","source":"modal"}
[2026-06-04T18:37:53.374Z]   ❌ 網站錯誤彈窗: 已使用過的虛寶序號。
[2026-06-04T18:37:53.374Z]   ❌ 最終結果: 錯誤彈窗 - 已使用過的虛寶序號。
[2026-06-04T18:37:53.375Z] [UI-ERROR] ❌ 萌萌小雅 使用 sunny266 失敗: 網站錯誤: 已使用過的虛寶序號。
[2026-06-04T18:37:53.375Z] [2/6] 失敗 - 網站錯誤: 已使用過的虛寶序號。 {}
[2026-06-04T18:37:55.382Z] [3/6] 開始處理 - 主公：王小剛 | 序號：sunny266
[2026-06-04T18:37:56.036Z]   步驟 1: 分析頁面
[2026-06-04T18:37:56.036Z]   頁面 URL: https://coupon.kingdom-story.com/lang/zh-TW
[2026-06-04T18:37:56.036Z]   步驟 2: 查找伺服器選擇元素
[2026-06-04T18:37:56.036Z]   ✓ 找到伺服器輸入框: js-selected-server
[2026-06-04T18:37:56.036Z]   ✓ 找到伺服器列表
[2026-06-04T18:37:56.036Z]   步驟 3: 設置伺服器值為 10
[2026-06-04T18:37:56.036Z]   ✓ 找到伺服器選項: 天下爭霸
[2026-06-04T18:37:56.036Z]   ✓ 更新伺服器顯示文字
[2026-06-04T18:37:56.036Z]   步驟 4: 填入主公名稱
[2026-06-04T18:37:56.036Z]   ✓ 找到主公名稱輸入框: serialForm__input js-input-form
[2026-06-04T18:37:56.037Z]   ✓ 已填入主公名稱: 王小剛
[2026-06-04T18:37:56.037Z]   步驟 5: 填入虛寶序號
[2026-06-04T18:37:56.037Z]   ✓ 找到虛寶序號輸入框: serialForm__input js-input-form error
[2026-06-04T18:37:56.037Z]   ✓ 已填入虛寶序號: sunny266
[2026-06-04T18:37:56.037Z]   步驟 6: 設置回應監聽器
[2026-06-04T18:37:56.037Z]   步驟 7: 點擊提交按鈕
[2026-06-04T18:37:56.037Z]   ✓ 找到提交按鈕: 使用虛寶序號
[2026-06-04T18:37:56.037Z]   ✓ 已點擊提交按鈕
[2026-06-04T18:37:56.037Z]   步驟 8: 等待網站回應...
[2026-06-04T18:37:56.037Z]   ✓ 收到網站回應: {"code":-1,"message":"已使用過的虛寶序號。","source":"modal"}
[2026-06-04T18:37:56.037Z]   ❌ 網站錯誤彈窗: 已使用過的虛寶序號。
[2026-06-04T18:37:56.037Z]   ❌ 最終結果: 錯誤彈窗 - 已使用過的虛寶序號。
[2026-06-04T18:37:56.037Z] [UI-ERROR] ❌ 王小剛 使用 sunny266 失敗: 網站錯誤: 已使用過的虛寶序號。
[2026-06-04T18:37:56.037Z] [3/6] 失敗 - 網站錯誤: 已使用過的虛寶序號。 {}
[2026-06-04T18:37:58.051Z] [4/6] 開始處理 - 主公：歲月神偷 | 序號：sunny266
[2026-06-04T18:37:58.618Z] Chrome 錯誤: A listener indicated an asynchronous response by returning true, but the message channel closed before a response was received
[2026-06-04T18:37:58.618Z] ⚠ Channel 關閉，等待 content script 寫入 storage...
[2026-06-04T18:38:03.881Z] ⚠ 等待逾時，重新注入 content script 後重試...
[2026-06-04T18:38:04.696Z] ✓ 重新注入完成，重試中...
[2026-06-04T18:38:05.306Z]   步驟 1: 分析頁面
[2026-06-04T18:38:05.306Z]   頁面 URL: https://coupon.kingdom-story.com/lang/zh-TW
[2026-06-04T18:38:05.306Z]   步驟 2: 查找伺服器選擇元素
[2026-06-04T18:38:05.306Z]   ✓ 找到伺服器輸入框: js-selected-server
[2026-06-04T18:38:05.306Z]   ✓ 找到伺服器列表
[2026-06-04T18:38:05.306Z]   步驟 3: 設置伺服器值為 10
[2026-06-04T18:38:05.306Z]   ✓ 找到伺服器選項: 天下爭霸
[2026-06-04T18:38:05.306Z]   ✓ 更新伺服器顯示文字
[2026-06-04T18:38:05.306Z]   步驟 4: 填入主公名稱
[2026-06-04T18:38:05.306Z]   ✓ 找到主公名稱輸入框: serialForm__input js-input-form
[2026-06-04T18:38:05.306Z]   ✓ 已填入主公名稱: 歲月神偷
[2026-06-04T18:38:05.306Z]   步驟 5: 填入虛寶序號
[2026-06-04T18:38:05.306Z]   ✓ 找到虛寶序號輸入框: serialForm__input js-input-form
[2026-06-04T18:38:05.306Z]   ✓ 已填入虛寶序號: sunny266
[2026-06-04T18:38:05.306Z]   步驟 6: 設置回應監聽器
[2026-06-04T18:38:05.306Z]   步驟 7: 點擊提交按鈕
[2026-06-04T18:38:05.306Z]   ✓ 找到提交按鈕: 使用虛寶序號
[2026-06-04T18:38:05.306Z]   ⚠ 按鈕被禁用，嘗試啟用
[2026-06-04T18:38:05.306Z]   ✓ 已點擊提交按鈕
[2026-06-04T18:38:05.306Z]   步驟 8: 等待網站回應...
[2026-06-04T18:38:05.306Z]   ✓ 收到網站回應: {"code":-1,"message":"其他錯誤","source":"modal"}
[2026-06-04T18:38:05.306Z]   ❌ 網站錯誤彈窗: 其他錯誤
[2026-06-04T18:38:05.306Z]   ❌ 最終結果: 錯誤彈窗 - 其他錯誤
[2026-06-04T18:38:05.307Z] [UI-ERROR] ❌ 歲月神偷 使用 sunny266 失敗: 網站錯誤: 其他錯誤
[2026-06-04T18:38:05.307Z] [4/6] 失敗 - 網站錯誤: 其他錯誤 {}
[2026-06-04T18:38:07.313Z] [5/6] 開始處理 - 主公：蘇子寧 | 序號：sunny266
[2026-06-04T18:38:07.968Z]   步驟 1: 分析頁面
[2026-06-04T18:38:07.969Z]   頁面 URL: https://coupon.kingdom-story.com/lang/zh-TW
[2026-06-04T18:38:07.969Z]   步驟 2: 查找伺服器選擇元素
[2026-06-04T18:38:07.969Z]   ✓ 找到伺服器輸入框: js-selected-server
[2026-06-04T18:38:07.969Z]   ✓ 找到伺服器列表
[2026-06-04T18:38:07.969Z]   步驟 3: 設置伺服器值為 10
[2026-06-04T18:38:07.969Z]   ✓ 找到伺服器選項: 天下爭霸
[2026-06-04T18:38:07.969Z]   ✓ 更新伺服器顯示文字
[2026-06-04T18:38:07.969Z]   步驟 4: 填入主公名稱
[2026-06-04T18:38:07.969Z]   ✓ 找到主公名稱輸入框: serialForm__input js-input-form
[2026-06-04T18:38:07.969Z]   ✓ 已填入主公名稱: 蘇子寧
[2026-06-04T18:38:07.969Z]   步驟 5: 填入虛寶序號
[2026-06-04T18:38:07.969Z]   ✓ 找到虛寶序號輸入框: serialForm__input js-input-form error
[2026-06-04T18:38:07.969Z]   ✓ 已填入虛寶序號: sunny266
[2026-06-04T18:38:07.969Z]   步驟 6: 設置回應監聽器
[2026-06-04T18:38:07.969Z]   步驟 7: 點擊提交按鈕
[2026-06-04T18:38:07.969Z]   ✓ 找到提交按鈕: 使用虛寶序號
[2026-06-04T18:38:07.969Z]   ✓ 已點擊提交按鈕
[2026-06-04T18:38:07.969Z]   步驟 8: 等待網站回應...
[2026-06-04T18:38:07.969Z]   ✓ 收到網站回應: {"code":-1,"message":"已使用過的虛寶序號。","source":"modal"}
[2026-06-04T18:38:07.969Z]   ❌ 網站錯誤彈窗: 已使用過的虛寶序號。
[2026-06-04T18:38:07.969Z]   ❌ 最終結果: 錯誤彈窗 - 已使用過的虛寶序號。
[2026-06-04T18:38:07.970Z] [UI-ERROR] ❌ 蘇子寧 使用 sunny266 失敗: 網站錯誤: 已使用過的虛寶序號。
[2026-06-04T18:38:07.970Z] [5/6] 失敗 - 網站錯誤: 已使用過的虛寶序號。 {}
[2026-06-04T18:38:09.983Z] [6/6] 開始處理 - 主公：子瑜我老婆 | 序號：sunny266
[2026-06-04T18:38:10.610Z]   步驟 1: 分析頁面
[2026-06-04T18:38:10.610Z]   頁面 URL: https://coupon.kingdom-story.com/lang/zh-TW
[2026-06-04T18:38:10.610Z]   步驟 2: 查找伺服器選擇元素
[2026-06-04T18:38:10.610Z]   ✓ 找到伺服器輸入框: js-selected-server
[2026-06-04T18:38:10.610Z]   ✓ 找到伺服器列表
[2026-06-04T18:38:10.610Z]   步驟 3: 設置伺服器值為 10
[2026-06-04T18:38:10.610Z]   ✓ 找到伺服器選項: 天下爭霸
[2026-06-04T18:38:10.611Z]   ✓ 更新伺服器顯示文字
[2026-06-04T18:38:10.611Z]   步驟 4: 填入主公名稱
[2026-06-04T18:38:10.611Z]   ✓ 找到主公名稱輸入框: serialForm__input js-input-form
[2026-06-04T18:38:10.611Z]   ✓ 已填入主公名稱: 子瑜我老婆
[2026-06-04T18:38:10.611Z]   步驟 5: 填入虛寶序號
[2026-06-04T18:38:10.611Z]   ✓ 找到虛寶序號輸入框: serialForm__input js-input-form error
[2026-06-04T18:38:10.611Z]   ✓ 已填入虛寶序號: sunny266
[2026-06-04T18:38:10.611Z]   步驟 6: 設置回應監聽器
[2026-06-04T18:38:10.611Z]   步驟 7: 點擊提交按鈕
[2026-06-04T18:38:10.611Z]   ✓ 找到提交按鈕: 使用虛寶序號
[2026-06-04T18:38:10.611Z]   ✓ 已點擊提交按鈕
[2026-06-04T18:38:10.611Z]   步驟 8: 等待網站回應...
[2026-06-04T18:38:10.611Z]   ✓ 收到網站回應: {"code":-1,"message":"其他錯誤","source":"modal"}
[2026-06-04T18:38:10.611Z]   ❌ 網站錯誤彈窗: 其他錯誤
[2026-06-04T18:38:10.611Z]   ❌ 最終結果: 錯誤彈窗 - 其他錯誤
[2026-06-04T18:38:10.611Z] [UI-ERROR] ❌ 子瑜我老婆 使用 sunny266 失敗: 網站錯誤: 其他錯誤
[2026-06-04T18:38:10.611Z] [6/6] 失敗 - 網站錯誤: 其他錯誤 {}
[2026-06-04T18:38:10.612Z] [UI-INFO] ========================================
[2026-06-04T18:38:10.612Z] [UI-WARNING] 執行完成！成功：0，失敗：6

================================================================================
End of Log
================================================================================