================================================================================
三國萌萌打虛寶序號自動填寫工具 - Debug Log
================================================================================
生成時間: 2026-06-04T02:21:31.000Z
總日誌數: 62
================================================================================

[2026-06-04T02:21:14.864Z] [UI-INFO] 🚀 開始執行
[2026-06-04T02:21:14.864Z] [UI-INFO] 模式：一對一 | 伺服器：天下爭霸
[2026-06-04T02:21:14.864Z] ========== 開始新的執行 ==========
[2026-06-04T02:21:14.864Z] 模式：一對一
[2026-06-04T02:21:14.864Z] 主公數量：2
[2026-06-04T02:21:14.865Z] 序號數量：2
[2026-06-04T02:21:14.866Z] 當前頁面：https://coupon.kingdom-story.com/lang/zh-TW
[2026-06-04T02:21:14.866Z] 正在檢查頁面結構...
[2026-06-04T02:21:14.868Z] 頁面結構檢查完成 {"url":"https://coupon.kingdom-story.com/lang/zh-TW","timestamp":"2026-06-04T02:21:14.867Z","elements":{"serverInput":{"found":true,"selector":"input[name=\"server\"]","className":"js-selected-server"},"serverInput2":{"found":true,"selector":".js-selected-server"},"monarchInput":{"found":true,"selector":"input[name=\"monarch\"]","className":"serialForm__input js-input-form","placeholder":"輸入主公名稱"},"serialInput":{"found":true,"selector":"input[name=\"serialcode\"]","className":"serialForm__input js-input-form","placeholder":"輸入虛寶序號"},"submitButton":{"jsSubmitBtn":true,"serialFormSubmit":true,"buttonTypeButton":true,"text":"使用虛寶序號"},"form":{"found":true,"className":"serialForm js-serial-form"}}}
[2026-06-04T02:21:14.868Z] [1/2] 開始處理 - 主公：user1 | 序號：dwffwf
[2026-06-04T02:21:17.879Z]   [ERROR] 步驟 1: 分析頁面
[2026-06-04T02:21:17.880Z]   [ERROR] 頁面 URL: https://coupon.kingdom-story.com/lang/zh-TW
[2026-06-04T02:21:17.880Z]   [ERROR] 步驟 2: 查找伺服器選擇元素
[2026-06-04T02:21:17.880Z]   [ERROR] ✓ 找到伺服器輸入框: js-selected-server
[2026-06-04T02:21:17.880Z]   [ERROR] ✓ 找到伺服器列表
[2026-06-04T02:21:17.880Z]   [ERROR] 步驟 3: 設置伺服器值為 10
[2026-06-04T02:21:17.880Z]   [ERROR] ✓ 找到伺服器選項: 天下爭霸
[2026-06-04T02:21:17.880Z]   [ERROR] ✓ 更新伺服器顯示文字
[2026-06-04T02:21:17.880Z]   [ERROR] 步驟 4: 填入主公名稱
[2026-06-04T02:21:17.880Z]   [ERROR] ✓ 找到主公名稱輸入框: serialForm__input js-input-form
[2026-06-04T02:21:17.880Z]   [ERROR] ✓ 已填入主公名稱: user1
[2026-06-04T02:21:17.880Z]   [ERROR] 步驟 5: 填入虛寶序號
[2026-06-04T02:21:17.880Z]   [ERROR] ✓ 找到虛寶序號輸入框: serialForm__input js-input-form
[2026-06-04T02:21:17.880Z]   [ERROR] ✓ 已填入虛寶序號: dwffwf
[2026-06-04T02:21:17.880Z]   [ERROR] 步驟 6: 設置回應監聽器
[2026-06-04T02:21:17.880Z]   [ERROR] 步驟 7: 點擊提交按鈕
[2026-06-04T02:21:17.880Z]   [ERROR] ✓ 找到提交按鈕: 使用虛寶序號
[2026-06-04T02:21:17.880Z]   [ERROR] ⚠ 按鈕被禁用，嘗試啟用
[2026-06-04T02:21:17.880Z]   [ERROR] ✓ 已點擊提交按鈕
[2026-06-04T02:21:17.880Z]   [ERROR] 步驟 8: 等待網站回應...
[2026-06-04T02:21:17.880Z]   [ERROR] ✓ 收到網站回應: {"code":-1,"message":"主公名稱輸入錯誤。","source":"modal"}
[2026-06-04T02:21:17.880Z]   [ERROR] ❌ 網站錯誤彈窗: 主公名稱輸入錯誤。
[2026-06-04T02:21:17.880Z]   錯誤彈窗: 主公名稱輸入錯誤。
[2026-06-04T02:21:17.883Z] [UI-ERROR] ❌ user1 使用 dwffwf 失敗: 網站錯誤: 主公名稱輸入錯誤。
[2026-06-04T02:21:17.883Z] [1/2] 失敗 - 網站錯誤: 主公名稱輸入錯誤。 {}
[2026-06-04T02:21:19.887Z] [2/2] 開始處理 - 主公：user2 | 序號：wfewefwe
[2026-06-04T02:21:22.898Z]   [ERROR] 步驟 1: 分析頁面
[2026-06-04T02:21:22.898Z]   [ERROR] 頁面 URL: https://coupon.kingdom-story.com/lang/zh-TW
[2026-06-04T02:21:22.898Z]   [ERROR] 步驟 2: 查找伺服器選擇元素
[2026-06-04T02:21:22.898Z]   [ERROR] ✓ 找到伺服器輸入框: js-selected-server
[2026-06-04T02:21:22.898Z]   [ERROR] ✓ 找到伺服器列表
[2026-06-04T02:21:22.898Z]   [ERROR] 步驟 3: 設置伺服器值為 10
[2026-06-04T02:21:22.898Z]   [ERROR] ✓ 找到伺服器選項: 天下爭霸
[2026-06-04T02:21:22.898Z]   [ERROR] ✓ 更新伺服器顯示文字
[2026-06-04T02:21:22.898Z]   [ERROR] 步驟 4: 填入主公名稱
[2026-06-04T02:21:22.898Z]   [ERROR] ✓ 找到主公名稱輸入框: serialForm__input js-input-form error
[2026-06-04T02:21:22.899Z]   [ERROR] ✓ 已填入主公名稱: user2
[2026-06-04T02:21:22.899Z]   [ERROR] 步驟 5: 填入虛寶序號
[2026-06-04T02:21:22.899Z]   [ERROR] ✓ 找到虛寶序號輸入框: serialForm__input js-input-form
[2026-06-04T02:21:22.899Z]   [ERROR] ✓ 已填入虛寶序號: wfewefwe
[2026-06-04T02:21:22.899Z]   [ERROR] 步驟 6: 設置回應監聽器
[2026-06-04T02:21:22.899Z]   [ERROR] 步驟 7: 點擊提交按鈕
[2026-06-04T02:21:22.899Z]   [ERROR] ✓ 找到提交按鈕: 使用虛寶序號
[2026-06-04T02:21:22.899Z]   [ERROR] ✓ 已點擊提交按鈕
[2026-06-04T02:21:22.899Z]   [ERROR] 步驟 8: 等待網站回應...
[2026-06-04T02:21:22.899Z]   [ERROR] ✓ 收到網站回應: {"code":-1,"message":"主公名稱輸入錯誤。","source":"modal"}
[2026-06-04T02:21:22.899Z]   [ERROR] ❌ 網站錯誤彈窗: 主公名稱輸入錯誤。
[2026-06-04T02:21:22.899Z]   錯誤彈窗: 主公名稱輸入錯誤。
[2026-06-04T02:21:22.899Z] [UI-ERROR] ❌ user2 使用 wfewefwe 失敗: 網站錯誤: 主公名稱輸入錯誤。
[2026-06-04T02:21:22.899Z] [2/2] 失敗 - 網站錯誤: 主公名稱輸入錯誤。 {}
[2026-06-04T02:21:22.900Z] [UI-INFO] ========================================
[2026-06-04T02:21:22.900Z] [UI-WARNING] 執行完成！成功：0，失敗：2

================================================================================
End of Log
================================================================================